<?xml version="1.0" encoding="UTF-8"?>
<!-- Generated by org.testng.reporters.JUnitReportReporter -->
<testsuite hostname="LAPTOP-8MEQBBM7" name="Academy.HomePage" tests="2" failures="0" timestamp="23 Oct 2020 16:19:04 GMT" time="4.444" errors="0">
  <testcase name="basePageNavigation" time="1.393" classname="Academy.HomePage"/>
  <testcase name="basePageNavigation" time="3.051" classname="Academy.HomePage"/>
</testsuite> <!-- Academy.HomePage -->
