<?xml version="1.0" encoding="UTF-8"?>
<!-- Generated by org.testng.reporters.JUnitReportReporter -->
<testsuite hostname="LAPTOP-8MEQBBM7" name="Academy.validateNavigationBar" tests="1" failures="0" timestamp="23 Oct 2020 16:19:04 GMT" time="0.043" errors="0">
  <testcase name="validateAppNavBar" time="0.043" classname="Academy.validateNavigationBar"/>
</testsuite> <!-- Academy.validateNavigationBar -->
